<?xml version="1.0" encoding="utf-8"?><testsuites name="pytest tests"><testsuite name="pytest" errors="0" failures="0" skipped="0" tests="31" time="5.711" timestamp="2026-08-26T09:11:39.408061+00:00" hostname="agent-env-7c7dc164-f828-4f80-a785-bb18d5a36ffc"><testcase classname="tests.test_new_features.TestMasterCrud" name="test_admin_crud_cycle[teachers-payload0-updated0]" time="0.844" /><testcase classname="tests.test_new_features.TestReportFilters" name="test_rows_filter_by_class" time="0.867" /><testcase classname="tests.test_new_features.TestMasterCrud" name="test_admin_crud_cycle[classes-payload1-updated1]" time="0.309" /><testcase classname="tests.test_new_features.TestReportFilters" name="test_rows_filter_combo" time="0.063" /><testcase classname="tests.test_new_features.TestReportFilters" name="test_rows_numbering_sequential" time="0.061" /><testcase classname="tests.test_new_features.TestReportFilters" name="test_rows_kinds" time="0.241" /><testcase classname="tests.test_new_features.TestMasterCrud" name="test_admin_crud_cycle[subjects-payload2-updated2]" time="0.238" /><testcase classname="tests.test_new_features.TestReportFilters" name="test_export_excel_respects_filters" time="0.150" /><testcase classname="tests.test_new_features.TestReportFilters" name="test_print_html_respects_filters" time="0.064" /><testcase classname="tests.test_new_features.TestMasterCrud" name="test_admin_student_crud_cycle" time="0.280" /><testcase classname="tests.test_new_features.TestReportFilters" name="test_export_empty_filter_still_valid" time="0.112" /><testcase classname="tests.test_new_features.TestMasterCrud" name="test_update_unknown_id_404" time="0.674" /><testcase classname="tests.test_new_features.TestRegression" name="test_attendance_upsert_and_read" time="0.575" /><testcase classname="tests.test_new_features.TestRegression" name="test_grades_save_and_read" time="0.141" /><testcase classname="tests.test_new_features.TestRegression" name="test_grade_out_of_range_rejected" time="0.067" /><testcase classname="tests.test_new_features.TestRegression" name="test_journal_create_and_list" time="0.134" /><testcase classname="tests.test_new_features.TestMasterCrud" name="test_empty_name_rejected" time="0.045" /><testcase classname="tests.test_new_features.TestRegression" name="test_settings_guru_forbidden" time="0.243" /><testcase classname="tests.test_new_features.TestAuth" name="test_admin_and_guru_login_and_me" time="0.127" /><testcase classname="tests.test_new_features.TestMasterCrud" name="test_guru_forbidden_on_master_writes" time="1.696" /><testcase classname="tests.test_new_features.TestAuth" name="test_bad_password_401" time="0.345" /><testcase classname="tests.test_new_features.TestAuth" name="test_bcrypt_hash_format" time="0.078" /><testcase classname="tests.test_new_features.TestAuth" name="test_unauthenticated_blocked" time="0.562" /><testcase classname="tests.test_new_features.TestDashboardStats" name="test_stats_reflect_real_data" time="0.188" /><testcase classname="tests.test_new_features.TestDashboardStats" name="test_stats_change_when_class_added" time="0.251" /><testcase classname="tests.test_new_features.TestSchedules" name="test_create_list_persist_delete" time="0.230" /><testcase classname="tests.test_new_features.TestDashboardStats" name="test_today_schedule_matches_today_day" time="0.063" /><testcase classname="tests.test_new_features.TestSchedules" name="test_delete_unknown_404" time="0.046" /><testcase classname="tests.test_new_features.TestDashboardStats" name="test_absent_stats_from_real_attendance" time="0.168" /><testcase classname="tests.test_new_features.TestSchedules" name="test_invalid_day_422" time="0.046" /><testcase classname="tests.test_new_features.TestSchedules" name="test_sorted_by_day_then_time" time="0.424" /></testsuite></testsuites>