<?xml version="1.0" encoding="utf-8"?><testsuites name="pytest tests"><testsuite name="pytest" errors="0" failures="0" skipped="0" tests="61" time="11.722" timestamp="2026-08-26T08:50:23.506925+00:00" hostname="agent-env-7c7dc164-f828-4f80-a785-bb18d5a36ffc"><testcase classname="tests.backend_test.TestAuth" name="test_root" time="0.129" /><testcase classname="tests.backend_test.TestAuth" name="test_login_sets_httponly_cookie[admin@absenspg.local-Admin]" time="0.465" /><testcase classname="tests.backend_test.TestAuth" name="test_login_sets_httponly_cookie[guru@absenspg.local-Guru]" time="0.454" /><testcase classname="tests.backend_test.TestAuth" name="test_login_bad_password" time="0.329" /><testcase classname="tests.backend_test.TestAuth" name="test_login_unknown_email" time="0.100" /><testcase classname="tests.backend_test.TestAuth" name="test_login_validation_empty_password" time="0.103" /><testcase classname="tests.backend_test.TestAuth" name="test_bcrypt_hash_format" time="0.667" /><testcase classname="tests.backend_test.TestAuth" name="test_logout" time="0.455" /><testcase classname="tests.backend_test.TestAuth" name="test_invalid_token_rejected" time="0.114" /><testcase classname="tests.backend_test.TestAuth" name="test_unauthenticated_401[/api/masters]" time="0.120" /><testcase classname="tests.backend_test.TestAuth" name="test_unauthenticated_401[/api/students]" time="0.105" /><testcase classname="tests.backend_test.TestAuth" name="test_unauthenticated_401[/api/journals]" time="0.106" /><testcase classname="tests.backend_test.TestAuth" name="test_unauthenticated_401[/api/settings]" time="0.095" /><testcase classname="tests.backend_test.TestAuth" name="test_unauthenticated_401[/api/reports/rows]" time="0.096" /><testcase classname="tests.backend_test.TestAuth" name="test_unauthenticated_401[/api/reports/export]" time="0.095" /><testcase classname="tests.backend_test.TestAuth" name="test_unauthenticated_401[/api/reports/print]" time="0.101" /><testcase classname="tests.backend_test.TestAuth" name="test_cors_allows_credentials_with_explicit_origin" time="0.002" /><testcase classname="tests.backend_test.TestMasters" name="test_masters_shape" time="0.377" /><testcase classname="tests.backend_test.TestMasters" name="test_students_by_class[7A-6]" time="0.054" /><testcase classname="tests.backend_test.TestMasters" name="test_students_by_class[7B-3]" time="0.056" /><testcase classname="tests.backend_test.TestMasters" name="test_students_by_class[8A-3]" time="0.080" /><testcase classname="tests.backend_test.TestMasters" name="test_guru_forbidden[students]" time="0.050" /><testcase classname="tests.backend_test.TestMasters" name="test_guru_forbidden[classes]" time="0.048" /><testcase classname="tests.backend_test.TestMasters" name="test_guru_forbidden[subjects]" time="0.055" /><testcase classname="tests.backend_test.TestMasters" name="test_guru_forbidden[teachers]" time="0.049" /><testcase classname="tests.backend_test.TestMasters" name="test_admin_create_and_persist[students-students]" time="0.437" /><testcase classname="tests.backend_test.TestMasters" name="test_admin_create_and_persist[classes-classes]" time="0.090" /><testcase classname="tests.backend_test.TestMasters" name="test_admin_create_and_persist[subjects-subjects]" time="0.129" /><testcase classname="tests.backend_test.TestMasters" name="test_admin_create_and_persist[teachers-teachers]" time="0.091" /><testcase classname="tests.backend_test.TestMasters" name="test_student_validation_empty_name" time="0.040" /><testcase classname="tests.backend_test.TestAttendance" name="test_save_and_roundtrip" time="0.100" /><testcase classname="tests.backend_test.TestAttendance" name="test_upsert_overwrites_not_duplicates" time="0.148" /><testcase classname="tests.backend_test.TestAttendance" name="test_empty_result_for_unknown_key" time="0.046" /><testcase classname="tests.backend_test.TestAttendance" name="test_invalid_status_rejected" time="0.046" /><testcase classname="tests.backend_test.TestAttendance" name="test_missing_params_on_get" time="0.045" /><testcase classname="tests.backend_test.TestGrades" name="test_save_and_roundtrip" time="0.099" /><testcase classname="tests.backend_test.TestGrades" name="test_assessment_type_is_part_of_key" time="0.100" /><testcase classname="tests.backend_test.TestGrades" name="test_score_out_of_range_rejected" time="0.048" /><testcase classname="tests.backend_test.TestJournals" name="test_create_and_list" time="0.099" /><testcase classname="tests.backend_test.TestJournals" name="test_empty_topic_rejected" time="0.045" /><testcase classname="tests.backend_test.TestSettings" name="test_guru_cannot_update" time="0.049" /><testcase classname="tests.backend_test.TestSettings" name="test_admin_update_and_restore" time="0.385" /><testcase classname="tests.backend_test.TestReports" name="test_attendance_rows_from_db" time="0.053" /><testcase classname="tests.backend_test.TestReports" name="test_grades_rows_predicate" time="0.050" /><testcase classname="tests.backend_test.TestReports" name="test_journal_rows" time="0.048" /><testcase classname="tests.backend_test.TestReports" name="test_export_xlsx_matches_rows[attendance]" time="0.150" /><testcase classname="tests.backend_test.TestReports" name="test_export_xlsx_matches_rows[grades]" time="0.100" /><testcase classname="tests.backend_test.TestReports" name="test_export_xlsx_matches_rows[journals]" time="0.092" /><testcase classname="tests.backend_test.TestReports" name="test_print_html_title_and_content[attendance-Rekap Absensi Siswa]" time="0.126" /><testcase classname="tests.backend_test.TestReports" name="test_print_html_title_and_content[grades-Rekap Nilai Siswa]" time="0.124" /><testcase classname="tests.backend_test.TestReports" name="test_print_html_title_and_content[journals-Rekap Jurnal Mengajar]" time="0.087" /><testcase classname="tests.backend_test.TestReports" name="test_unknown_kind_falls_back_to_attendance" time="0.097" /><testcase classname="tests.test_real_accounts_reports" name="test_login_me_permissions_and_cookie[admin@absenspg.local-Admin123!-Admin]" time="0.585" /><testcase classname="tests.test_real_accounts_reports" name="test_login_me_permissions_and_cookie[guru@absenspg.local-Guru123!-Guru]" time="0.597" /><testcase classname="tests.test_real_accounts_reports" name="test_xlsx_export_is_valid[attendance]" time="0.476" /><testcase classname="tests.test_real_accounts_reports" name="test_xlsx_export_is_valid[grades]" time="0.407" /><testcase classname="tests.test_real_accounts_reports" name="test_xlsx_export_is_valid[journals]" time="0.370" /><testcase classname="tests.test_real_accounts_reports" name="test_print_report_is_standalone_html[attendance]" time="0.368" /><testcase classname="tests.test_real_accounts_reports" name="test_print_report_is_standalone_html[grades]" time="0.474" /><testcase classname="tests.test_real_accounts_reports" name="test_print_report_is_standalone_html[journals]" time="0.396" /><testcase classname="tests.test_real_accounts_reports" name="test_logout_invalidates_cookie_client" time="0.558" /></testsuite></testsuites>