<?xml version="1.0" encoding="utf-8"?><testsuites name="pytest tests"><testsuite name="pytest" errors="0" failures="0" skipped="0" tests="92" time="15.633" timestamp="2026-08-26T09:18:49.087108+00:00" hostname="agent-env-7c7dc164-f828-4f80-a785-bb18d5a36ffc"><testcase classname="tests.backend_test.TestAuth" name="test_root" time="0.949" /><testcase classname="tests.backend_test.TestAuth" name="test_login_sets_httponly_cookie[admin@absenspg.local-Admin]" time="0.645" /><testcase classname="tests.backend_test.TestMasters" name="test_masters_shape" time="1.444" /><testcase classname="tests.backend_test.TestMasters" name="test_students_by_class[7A-6]" time="0.100" /><testcase classname="tests.backend_test.TestMasters" name="test_students_by_class[7B-3]" time="0.062" /><testcase classname="tests.backend_test.TestAuth" name="test_login_sets_httponly_cookie[guru@absenspg.local-Guru]" time="0.488" /><testcase classname="tests.backend_test.TestMasters" name="test_students_by_class[8A-3]" time="0.083" /><testcase classname="tests.backend_test.TestMasters" name="test_guru_forbidden[students]" time="0.248" /><testcase classname="tests.backend_test.TestMasters" name="test_guru_forbidden[classes]" time="0.064" /><testcase classname="tests.backend_test.TestMasters" name="test_guru_forbidden[subjects]" time="0.059" /><testcase classname="tests.backend_test.TestMasters" name="test_guru_forbidden[teachers]" time="0.068" /><testcase classname="tests.backend_test.TestAuth" name="test_login_bad_password" time="0.357" /><testcase classname="tests.backend_test.TestAuth" name="test_login_unknown_email" time="0.226" /><testcase classname="tests.backend_test.TestMasters" name="test_admin_create_and_persist[students-students]" time="0.625" /><testcase classname="tests.backend_test.TestAuth" name="test_login_validation_empty_password" time="0.157" /><testcase classname="tests.backend_test.TestMasters" name="test_admin_create_and_persist[classes-classes]" time="0.099" /><testcase classname="tests.backend_test.TestAuth" name="test_bcrypt_hash_format" time="0.679" /><testcase classname="tests.backend_test.TestMasters" name="test_admin_create_and_persist[subjects-subjects]" time="0.088" /><testcase classname="tests.backend_test.TestMasters" name="test_admin_create_and_persist[teachers-teachers]" time="0.092" /><testcase classname="tests.backend_test.TestMasters" name="test_student_validation_empty_name" time="0.047" /><testcase classname="tests.backend_test.TestReports" name="test_attendance_rows_from_db" time="0.069" /><testcase classname="tests.backend_test.TestReports" name="test_grades_rows_predicate" time="0.063" /><testcase classname="tests.backend_test.TestReports" name="test_journal_rows" time="0.128" /><testcase classname="tests.backend_test.TestReports" name="test_export_xlsx_matches_rows[attendance]" time="0.116" /><testcase classname="tests.backend_test.TestReports" name="test_export_xlsx_matches_rows[grades]" time="0.096" /><testcase classname="tests.backend_test.TestAuth" name="test_logout" time="0.542" /><testcase classname="tests.backend_test.TestReports" name="test_export_xlsx_matches_rows[journals]" time="0.281" /><testcase classname="tests.backend_test.TestReports" name="test_print_html_title_and_content[attendance-Rekap Absensi Siswa]" time="0.131" /><testcase classname="tests.backend_test.TestReports" name="test_print_html_title_and_content[grades-Rekap Nilai Siswa]" time="0.092" /><testcase classname="tests.backend_test.TestAuth" name="test_invalid_token_rejected" time="0.109" /><testcase classname="tests.backend_test.TestReports" name="test_print_html_title_and_content[journals-Rekap Jurnal Mengajar]" time="0.136" /><testcase classname="tests.backend_test.TestAuth" name="test_unauthenticated_401[/api/masters]" time="0.095" /><testcase classname="tests.backend_test.TestReports" name="test_unknown_kind_falls_back_to_attendance" time="0.128" /><testcase classname="tests.backend_test.TestAuth" name="test_unauthenticated_401[/api/students]" time="0.117" /><testcase classname="tests.test_real_accounts_reports" name="test_login_me_permissions_and_cookie[admin@absenspg.local-Admin123!-Admin]" time="0.462" /><testcase classname="tests.backend_test.TestAuth" name="test_unauthenticated_401[/api/journals]" time="0.317" /><testcase classname="tests.backend_test.TestAuth" name="test_unauthenticated_401[/api/settings]" time="0.117" /><testcase classname="tests.test_real_accounts_reports" name="test_login_me_permissions_and_cookie[guru@absenspg.local-Guru123!-Guru]" time="0.447" /><testcase classname="tests.backend_test.TestAuth" name="test_unauthenticated_401[/api/reports/rows]" time="0.332" /><testcase classname="tests.backend_test.TestAuth" name="test_unauthenticated_401[/api/reports/export]" time="0.111" /><testcase classname="tests.test_real_accounts_reports" name="test_xlsx_export_is_valid[attendance]" time="0.414" /><testcase classname="tests.backend_test.TestAuth" name="test_unauthenticated_401[/api/reports/print]" time="0.302" /><testcase classname="tests.backend_test.TestAuth" name="test_cors_allows_credentials_with_explicit_origin" time="0.002" /><testcase classname="tests.test_real_accounts_reports" name="test_xlsx_export_is_valid[grades]" time="0.616" /><testcase classname="tests.test_new_features.TestMasterCrud" name="test_admin_crud_cycle[teachers-payload0-updated0]" time="0.834" /><testcase classname="tests.test_real_accounts_reports" name="test_xlsx_export_is_valid[journals]" time="0.529" /><testcase classname="tests.test_new_features.TestMasterCrud" name="test_admin_crud_cycle[classes-payload1-updated1]" time="0.748" /><testcase classname="tests.test_real_accounts_reports" name="test_print_report_is_standalone_html[attendance]" time="0.369" /><testcase classname="tests.test_new_features.TestMasterCrud" name="test_admin_crud_cycle[subjects-payload2-updated2]" time="0.523" /><testcase classname="tests.test_real_accounts_reports" name="test_print_report_is_standalone_html[grades]" time="0.436" /><testcase classname="tests.test_real_accounts_reports" name="test_print_report_is_standalone_html[journals]" time="0.419" /><testcase classname="tests.test_new_features.TestMasterCrud" name="test_admin_student_crud_cycle" time="0.756" /><testcase classname="tests.test_real_accounts_reports" name="test_logout_invalidates_cookie_client" time="0.621" /><testcase classname="tests.test_new_features.TestMasterCrud" name="test_update_unknown_id_404" time="0.862" /><testcase classname="tests.test_new_features.TestReportFilters" name="test_rows_filter_by_class" time="0.444" /><testcase classname="tests.test_new_features.TestReportFilters" name="test_rows_filter_combo" time="0.044" /><testcase classname="tests.test_new_features.TestReportFilters" name="test_rows_numbering_sequential" time="0.048" /><testcase classname="tests.test_new_features.TestReportFilters" name="test_rows_kinds" time="0.173" /><testcase classname="tests.test_new_features.TestMasterCrud" name="test_empty_name_rejected" time="0.102" /><testcase classname="tests.test_new_features.TestReportFilters" name="test_export_excel_respects_filters" time="0.103" /><testcase classname="tests.test_new_features.TestReportFilters" name="test_print_html_respects_filters" time="0.249" /><testcase classname="tests.test_new_features.TestReportFilters" name="test_export_empty_filter_still_valid" time="0.094" /><testcase classname="tests.test_new_features.TestMasterCrud" name="test_guru_forbidden_on_master_writes" time="2.252" /><testcase classname="tests.test_new_features.TestRegression" name="test_attendance_upsert_and_read" time="0.558" /><testcase classname="tests.test_new_features.TestRegression" name="test_grades_save_and_read" time="0.133" /><testcase classname="tests.test_new_features.TestRegression" name="test_grade_out_of_range_rejected" time="0.065" /><testcase classname="tests.test_new_features.TestRegression" name="test_journal_create_and_list" time="0.130" /><testcase classname="tests.test_new_features.TestRegression" name="test_settings_guru_forbidden" time="0.104" /><testcase classname="tests.test_new_features.TestAuth" name="test_admin_and_guru_login_and_me" time="0.160" /><testcase classname="tests.test_new_features.TestAuth" name="test_bad_password_401" time="0.362" /><testcase classname="tests.test_new_features.TestAuth" name="test_bcrypt_hash_format" time="0.088" /><testcase classname="tests.test_new_features.TestAuth" name="test_unauthenticated_blocked" time="0.700" /><testcase classname="tests.backend_test.TestAttendance" name="test_save_and_roundtrip" time="0.512" /><testcase classname="tests.test_new_features.TestSchedules" name="test_create_list_persist_delete" time="0.265" /><testcase classname="tests.backend_test.TestAttendance" name="test_upsert_overwrites_not_duplicates" time="0.291" /><testcase classname="tests.test_new_features.TestSchedules" name="test_delete_unknown_404" time="0.066" /><testcase classname="tests.backend_test.TestAttendance" name="test_empty_result_for_unknown_key" time="0.074" /><testcase classname="tests.test_new_features.TestSchedules" name="test_invalid_day_422" time="0.068" /><testcase classname="tests.test_new_features.TestSchedules" name="test_sorted_by_day_then_time" time="0.464" /><testcase classname="tests.backend_test.TestAttendance" name="test_invalid_status_rejected" time="0.102" /><testcase classname="tests.backend_test.TestAttendance" name="test_missing_params_on_get" time="0.076" /><testcase classname="tests.backend_test.TestGrades" name="test_save_and_roundtrip" time="0.223" /><testcase classname="tests.backend_test.TestGrades" name="test_assessment_type_is_part_of_key" time="0.239" /><testcase classname="tests.test_new_features.TestDashboardStats" name="test_stats_reflect_real_data" time="0.181" /><testcase classname="tests.backend_test.TestGrades" name="test_score_out_of_range_rejected" time="0.100" /><testcase classname="tests.test_new_features.TestDashboardStats" name="test_stats_change_when_class_added" time="0.219" /><testcase classname="tests.backend_test.TestJournals" name="test_create_and_list" time="0.160" /><testcase classname="tests.test_new_features.TestDashboardStats" name="test_today_schedule_matches_today_day" time="0.088" /><testcase classname="tests.backend_test.TestJournals" name="test_empty_topic_rejected" time="0.130" /><testcase classname="tests.test_new_features.TestDashboardStats" name="test_absent_stats_from_real_attendance" time="0.135" /><testcase classname="tests.backend_test.TestSettings" name="test_guru_cannot_update" time="0.098" /><testcase classname="tests.backend_test.TestSettings" name="test_admin_update_and_restore" time="0.741" /></testsuite></testsuites>