<?xml version="1.0" encoding="utf-8"?><testsuites name="pytest tests"><testsuite name="pytest" errors="0" failures="0" skipped="0" tests="21" time="6.088" timestamp="2026-08-26T10:03:51.026332+00:00" hostname="agent-env-7c7dc164-f828-4f80-a785-bb18d5a36ffc"><testcase classname="tests.test_teacher_accounts_import.TestImport" name="test_import_teachers" time="0.723" /><testcase classname="tests.test_teacher_accounts_import.TestImport" name="test_import_teachers_duplicate_skipped" time="0.053" /><testcase classname="tests.test_teacher_accounts_import.TestImport" name="test_import_teachers_missing_column" time="0.051" /><testcase classname="tests.test_teacher_accounts_import.TestTeacherAccounts" name="test_create_account_and_login" time="1.568" /><testcase classname="tests.test_teacher_accounts_import.TestImport" name="test_import_teachers_invalid_file" time="0.235" /><testcase classname="tests.test_teacher_accounts_import.TestImport" name="test_import_students_with_invalid_class" time="0.143" /><testcase classname="tests.test_teacher_accounts_import.TestImport" name="test_import_students_missing_columns" time="0.052" /><testcase classname="tests.test_teacher_accounts_import.TestAuth" name="test_admin_login_cookie_and_me" time="0.274" /><testcase classname="tests.test_teacher_accounts_import.TestAuth" name="test_legacy_guru_account_removed" time="0.177" /><testcase classname="tests.test_teacher_accounts_import.TestTeacherAccounts" name="test_duplicate_username_rejected" time="0.130" /><testcase classname="tests.test_teacher_accounts_import.TestTeacherAccounts" name="test_second_account_for_same_teacher_rejected" time="0.065" /><testcase classname="tests.test_teacher_accounts_import.TestAuth" name="test_import_requires_auth" time="0.170" /><testcase classname="tests.test_teacher_accounts_import.TestTeacherAccounts" name="test_short_password_rejected" time="0.175" /><testcase classname="tests.test_teacher_accounts_import.TestAuth" name="test_account_create_requires_auth" time="0.114" /><testcase classname="tests.test_teacher_accounts_import.TestTeacherAccounts" name="test_reset_password" time="1.061" /><testcase classname="tests.test_teacher_accounts_import.TestRegression" name="test_class_crud" time="0.644" /><testcase classname="tests.test_teacher_accounts_import.TestRegression" name="test_subject_crud" time="0.417" /><testcase classname="tests.test_teacher_accounts_import.TestTeacherAccounts" name="test_reset_password_for_teacher_without_account" time="0.120" /><testcase classname="tests.test_teacher_accounts_import.TestRegression" name="test_dashboard_and_reports_no_crash" time="0.616" /><testcase classname="tests.test_teacher_accounts_import.TestTeacherAccounts" name="test_cascade_delete_account_on_teacher_delete" time="1.055" /><testcase classname="tests.test_teacher_accounts_import.TestTeacherAccounts" name="test_rename_teacher_updates_account_name" time="1.050" /></testsuite></testsuites>