<?xml version="1.0" encoding="utf-8"?><testsuites name="pytest tests"><testsuite name="pytest" errors="0" failures="0" skipped="0" tests="15" time="5.569" timestamp="2026-08-26T09:37:40.205794+00:00" hostname="agent-env-7c7dc164-f828-4f80-a785-bb18d5a36ffc"><testcase classname="tests.test_auth_username" name="test_root" time="0.235" /><testcase classname="tests.test_auth_username" name="test_admin_login_username" time="0.346" /><testcase classname="tests.test_auth_username" name="test_guru_login_plain_username" time="0.316" /><testcase classname="tests.test_auth_username" name="test_guru_legacy_email_rejected" time="0.111" /><testcase classname="tests.test_auth_username" name="test_wrong_password" time="0.334" /><testcase classname="tests.test_auth_username" name="test_login_missing_username_field" time="0.119" /><testcase classname="tests.test_auth_username" name="test_username_case_insensitive" time="0.322" /><testcase classname="tests.test_auth_username" name="test_me_and_permissions_and_logout" time="0.745" /><testcase classname="tests.test_auth_username" name="test_me_unauthenticated" time="0.102" /><testcase classname="tests.test_auth_username" name="test_admin_permissions_flags" time="0.397" /><testcase classname="tests.test_auth_username" name="test_protected_endpoints_smoke[/api/masters]" time="0.413" /><testcase classname="tests.test_auth_username" name="test_protected_endpoints_smoke[/api/students]" time="0.412" /><testcase classname="tests.test_auth_username" name="test_protected_endpoints_smoke[/api/schedules]" time="0.393" /><testcase classname="tests.test_auth_username" name="test_protected_endpoints_smoke[/api/dashboard/stats]" time="0.384" /><testcase classname="tests.test_auth_username" name="test_protected_endpoints_smoke[/api/settings]" time="0.384" /></testsuite></testsuites>