<?xml version="1.0" encoding="utf-8"?><testsuites name="pytest tests"><testsuite name="pytest" errors="0" failures="0" skipped="0" tests="9" time="4.896" timestamp="2026-08-26T07:51:29.696130+00:00" hostname="agent-env-7c7dc164-f828-4f80-a785-bb18d5a36ffc"><testcase classname="tests.test_real_accounts_reports" name="test_login_me_permissions_and_cookie[admin@absenspg.local-Admin123!-Admin]" time="0.441" /><testcase classname="tests.test_real_accounts_reports" name="test_login_me_permissions_and_cookie[guru@absenspg.local-Guru123!-Guru]" time="0.445" /><testcase classname="tests.test_real_accounts_reports" name="test_xlsx_export_is_valid[attendance]" time="0.375" /><testcase classname="tests.test_real_accounts_reports" name="test_xlsx_export_is_valid[grades]" time="0.376" /><testcase classname="tests.test_real_accounts_reports" name="test_xlsx_export_is_valid[journals]" time="0.382" /><testcase classname="tests.test_real_accounts_reports" name="test_print_report_is_standalone_html[attendance]" time="0.422" /><testcase classname="tests.test_real_accounts_reports" name="test_print_report_is_standalone_html[grades]" time="0.372" /><testcase classname="tests.test_real_accounts_reports" name="test_print_report_is_standalone_html[journals]" time="0.441" /><testcase classname="tests.test_real_accounts_reports" name="test_logout_invalidates_cookie_client" time="0.520" /></testsuite></testsuites>